<?xml version="1.0" encoding="UTF-8"?>
<testng-results ignored="0" total="1" passed="1" failed="0" skipped="0">
  <reporter-output>
  </reporter-output>
  <suite started-at="2022-01-31T19:08:18 IST" name="Suite" finished-at="2022-01-31T19:09:23 IST" duration-ms="64475">
    <groups>
    </groups>
    <test started-at="2022-01-31T19:08:18 IST" name="Test" finished-at="2022-01-31T19:09:23 IST" duration-ms="64475">
      <class name="testCases.AuctionAsset">
        <test-method is-config="true" signature="beforeTest(java.lang.String, java.lang.String, java.lang.String)[pri:0, instance:testCases.AuctionAsset@2df6226d]" started-at="2022-01-31T19:08:18 IST" name="beforeTest" finished-at="2022-01-31T19:08:45 IST" duration-ms="26629" status="PASS">
          <params>
            <param index="0">
              <value>
                <![CDATA[chrome]]>
              </value>
            </param>
            <param index="1">
              <value>
                <![CDATA[moz-extension://cf97d3de-12ef-4670-91e7-65be9a37e5bb/home.html#initialize/welcome]]>
              </value>
            </param>
            <param index="2">
              <value>
                <![CDATA[https://boloro-frontend-dev.devtomaster.com/]]>
              </value>
            </param>
          </params>
          <reporter-output>
          </reporter-output>
        </test-method> <!-- beforeTest -->
        <test-method is-config="true" signature="beforeMethod()[pri:0, instance:testCases.AuctionAsset@2df6226d]" started-at="2022-01-31T19:08:46 IST" name="beforeMethod" finished-at="2022-01-31T19:08:46 IST" duration-ms="141" status="PASS">
          <reporter-output>
          </reporter-output>
        </test-method> <!-- beforeMethod -->
        <test-method signature="f(java.lang.String, java.lang.String)[pri:0, instance:testCases.AuctionAsset@2df6226d]" started-at="2022-01-31T19:08:46 IST" name="f" data-provider="AuctionAssetPurchase" finished-at="2022-01-31T19:09:23 IST" duration-ms="36618" status="PASS">
          <params>
            <param index="0">
              <value>
                <![CDATA[2.0]]>
              </value>
            </param>
            <param index="1">
              <value>
                <![CDATA[You are the Highest Bidder for this asset]]>
              </value>
            </param>
          </params>
          <reporter-output>
          </reporter-output>
        </test-method> <!-- f -->
      </class> <!-- testCases.AuctionAsset -->
    </test> <!-- Test -->
  </suite> <!-- Suite -->
</testng-results>
